0 info it worked if it ends with ok
1 verbose cli [ 'node', '/usr/local/bin/npm', 'install', 'http-server', '-g' ]
2 info using npm@1.4.28
3 info using node@v0.10.35
4 verbose cache add [ 'http-server', null ]
5 verbose cache add name=undefined spec="http-server" args=["http-server",null]
6 verbose parsed url { protocol: null,
6 verbose parsed url   slashes: null,
6 verbose parsed url   auth: null,
6 verbose parsed url   host: null,
6 verbose parsed url   port: null,
6 verbose parsed url   hostname: null,
6 verbose parsed url   hash: null,
6 verbose parsed url   search: null,
6 verbose parsed url   query: null,
6 verbose parsed url   pathname: 'http-server',
6 verbose parsed url   path: 'http-server',
6 verbose parsed url   href: 'http-server' }
7 silly lockFile ed608307-http-server http-server
8 verbose lock http-server /Users/henrikgudmundsson/.npm/ed608307-http-server.lock
9 silly lockFile ed608307-http-server http-server
10 silly lockFile ed608307-http-server http-server
11 verbose addNamed [ 'http-server', '' ]
12 verbose addNamed [ null, '*' ]
13 silly lockFile 550353c6-http-server http-server@
14 verbose lock http-server@ /Users/henrikgudmundsson/.npm/550353c6-http-server.lock
15 silly addNameRange { name: 'http-server', range: '*', hasData: false }
16 verbose request where is /http-server
17 verbose request registry https://registry.npmjs.org/
18 verbose request id 9f7d7f7c8b2b5740
19 verbose url raw /http-server
20 verbose url resolving [ 'https://registry.npmjs.org/', './http-server' ]
21 verbose url resolved https://registry.npmjs.org/http-server
22 verbose request where is https://registry.npmjs.org/http-server
23 info trying registry request attempt 1 at 19:50:46
24 verbose etag "9CO2EH5UVWI2X9YTJU3SX8A6Z"
25 http GET https://registry.npmjs.org/http-server
26 http 200 https://registry.npmjs.org/http-server
27 silly registry.get cb [ 200,
27 silly registry.get   { date: 'Thu, 12 Mar 2015 18:50:55 GMT',
27 silly registry.get     server: 'CouchDB/1.5.0 (Erlang OTP/R16B03)',
27 silly registry.get     etag: '"AQ1Y6EE4HVDUDRAC1597W9MM2"',
27 silly registry.get     'content-type': 'application/json',
27 silly registry.get     'cache-control': 'max-age=60',
27 silly registry.get     'content-length': '42483',
27 silly registry.get     'accept-ranges': 'bytes',
27 silly registry.get     via: '1.1 varnish',
27 silly registry.get     age: '0',
27 silly registry.get     'x-served-by': 'cache-ams4144-AMS',
27 silly registry.get     'x-cache': 'HIT',
27 silly registry.get     'x-cache-hits': '1',
27 silly registry.get     'x-timer': 'S1426186255.523297,VS0,VE103',
27 silly registry.get     vary: 'Accept',
27 silly registry.get     'keep-alive': 'timeout=10, max=50',
27 silly registry.get     connection: 'Keep-Alive' } ]
28 silly addNameRange number 2 { name: 'http-server', range: '*', hasData: true }
29 silly addNameRange versions [ 'http-server',
29 silly addNameRange   [ '0.1.0',
29 silly addNameRange     '0.1.1',
29 silly addNameRange     '0.1.3',
29 silly addNameRange     '0.2.1',
29 silly addNameRange     '0.2.2',
29 silly addNameRange     '0.2.3',
29 silly addNameRange     '0.2.4',
29 silly addNameRange     '0.2.5',
29 silly addNameRange     '0.2.6',
29 silly addNameRange     '0.2.9',
29 silly addNameRange     '0.3.0',
29 silly addNameRange     '0.4.0',
29 silly addNameRange     '0.4.1',
29 silly addNameRange     '0.5.0',
29 silly addNameRange     '0.5.1',
29 silly addNameRange     '0.5.2',
29 silly addNameRange     '0.5.3',
29 silly addNameRange     '0.5.5',
29 silly addNameRange     '0.6.0',
29 silly addNameRange     '0.6.1',
29 silly addNameRange     '0.7.0',
29 silly addNameRange     '0.7.1',
29 silly addNameRange     '0.7.2',
29 silly addNameRange     '0.7.3',
29 silly addNameRange     '0.7.4',
29 silly addNameRange     '0.7.5' ] ]
30 verbose addNamed [ 'http-server', '0.7.5' ]
31 verbose addNamed [ '0.7.5', '0.7.5' ]
32 silly lockFile 137d3f10-http-server-0-7-5 http-server@0.7.5
33 verbose lock http-server@0.7.5 /Users/henrikgudmundsson/.npm/137d3f10-http-server-0-7-5.lock
34 silly lockFile 137d3f10-http-server-0-7-5 http-server@0.7.5
35 silly lockFile 137d3f10-http-server-0-7-5 http-server@0.7.5
36 silly lockFile 550353c6-http-server http-server@
37 silly lockFile 550353c6-http-server http-server@
38 silly resolved [ { name: 'http-server',
38 silly resolved     version: '0.7.5',
38 silly resolved     description: 'a simple zero-configuration command-line http server',
38 silly resolved     main: './lib/http-server',
38 silly resolved     repository:
38 silly resolved      { type: 'git',
38 silly resolved        url: 'git://github.com/nodeapps/http-server.git' },
38 silly resolved     keywords: [ 'cli', 'command' ],
38 silly resolved     scripts:
38 silly resolved      { start: 'node ./bin/http-server',
38 silly resolved        pretest: 'stylezero bin/ lib/ test',
38 silly resolved        test: 'vows --spec --isolate' },
38 silly resolved     contributors:
38 silly resolved      [ [Object],
38 silly resolved        [Object],
38 silly resolved        [Object],
38 silly resolved        [Object],
38 silly resolved        [Object],
38 silly resolved        [Object],
38 silly resolved        [Object],
38 silly resolved        [Object],
38 silly resolved        [Object],
38 silly resolved        [Object] ],
38 silly resolved     dependencies:
38 silly resolved      { colors: '1.0.3',
38 silly resolved        optimist: '0.6.x',
38 silly resolved        union: '~0.4.3',
38 silly resolved        ecstatic: '~0.6.0',
38 silly resolved        portfinder: '0.2.x',
38 silly resolved        opener: '~1.4.0' },
38 silly resolved     devDependencies: { vows: '0.7.x', request: '2.49.x', stylezero: '2.1.1' },
38 silly resolved     bugs: { url: 'https://github.com/nodeapps/http-server/issues' },
38 silly resolved     licenses: [ [Object] ],
38 silly resolved     analyze: false,
38 silly resolved     preferGlobal: 'true',
38 silly resolved     bin: { 'http-server': './bin/http-server', hs: './bin/http-server' },
38 silly resolved     gitHead: '120daa2b1bbca84bf1474bd757e147d95fdab3ed',
38 silly resolved     homepage: 'https://github.com/nodeapps/http-server',
38 silly resolved     _id: 'http-server@0.7.5',
38 silly resolved     _shasum: 'b18bd1d838e78c30be8cf382e9342ebdd17a9fc3',
38 silly resolved     _from: 'http-server@',
38 silly resolved     _npmVersion: '2.2.0',
38 silly resolved     _nodeVersion: '0.10.33',
38 silly resolved     _npmUser: { name: 'indexzero', email: 'charlie.robbins@gmail.com' },
38 silly resolved     maintainers: [ [Object] ],
38 silly resolved     dist:
38 silly resolved      { shasum: 'b18bd1d838e78c30be8cf382e9342ebdd17a9fc3',
38 silly resolved        tarball: 'http://registry.npmjs.org/http-server/-/http-server-0.7.5.tgz' },
38 silly resolved     directories: {},
38 silly resolved     _resolved: 'https://registry.npmjs.org/http-server/-/http-server-0.7.5.tgz',
38 silly resolved     readme: 'ERROR: No README data found!' } ]
39 info install http-server@0.7.5 into /usr/local/lib
40 info installOne http-server@0.7.5
41 verbose lib/node_modules/http-server unbuild
42 verbose tar unpack /Users/henrikgudmundsson/.npm/http-server/0.7.5/package.tgz
43 silly lockFile c2cc12bc-cal-lib-node-modules-http-server tar:///usr/local/lib/node_modules/http-server
44 verbose lock tar:///usr/local/lib/node_modules/http-server /Users/henrikgudmundsson/.npm/c2cc12bc-cal-lib-node-modules-http-server.lock
45 silly lockFile 6a3b5f0a-pm-http-server-0-7-5-package-tgz tar:///Users/henrikgudmundsson/.npm/http-server/0.7.5/package.tgz
46 verbose lock tar:///Users/henrikgudmundsson/.npm/http-server/0.7.5/package.tgz /Users/henrikgudmundsson/.npm/6a3b5f0a-pm-http-server-0-7-5-package-tgz.lock
47 silly gunzTarPerm modes [ '755', '644' ]
48 error Error: EACCES, mkdir '/usr/local/lib/node_modules/http-server'
48 error  { [Error: EACCES, mkdir '/usr/local/lib/node_modules/http-server']
48 error   errno: 3,
48 error   code: 'EACCES',
48 error   path: '/usr/local/lib/node_modules/http-server',
48 error   fstream_type: 'Directory',
48 error   fstream_path: '/usr/local/lib/node_modules/http-server',
48 error   fstream_class: 'DirWriter',
48 error   fstream_stack:
48 error    [ '/usr/local/lib/node_modules/npm/node_modules/fstream/lib/dir-writer.js:36:23',
48 error      '/usr/local/lib/node_modules/npm/node_modules/mkdirp/index.js:46:53',
48 error      'Object.oncomplete (fs.js:108:15)' ] }
49 error Please try running this command again as root/Administrator.
50 error System Darwin 14.1.0
51 error command "node" "/usr/local/bin/npm" "install" "http-server" "-g"
52 error cwd /Users/henrikgudmundsson/Google Drive/Linneuniversitetet/webbramverk/repo_labb/positioning_service_client
53 error node -v v0.10.35
54 error npm -v 1.4.28
55 error path /usr/local/lib/node_modules/http-server
56 error fstream_path /usr/local/lib/node_modules/http-server
57 error fstream_type Directory
58 error fstream_class DirWriter
59 error code EACCES
60 error errno 3
61 error stack Error: EACCES, mkdir '/usr/local/lib/node_modules/http-server'
62 error fstream_stack /usr/local/lib/node_modules/npm/node_modules/fstream/lib/dir-writer.js:36:23
62 error fstream_stack /usr/local/lib/node_modules/npm/node_modules/mkdirp/index.js:46:53
62 error fstream_stack Object.oncomplete (fs.js:108:15)
63 verbose exit [ 3, true ]
